Starting main, rand seed = 1595103955
file name dynN80gef500sim2.dat
fast pf 	kmi[10]/Dtot is 0.000000
fast complex 	kmi[9]/Dtot is 4.997751
slow pf		kmi[4]/Dtot is 7.777778
slow complex 	kmi[5]/Dtot is 222.222222
basal gef 	kmi[2]/Dtot is 3.555556
dx is 0.100000, dx/sigma = 5.000000
 0.100000
10.000000
25.464791
0.630000
55.704230
1591.549431
10.000000
4.000000
6.500000
39788.735773
0.000000
Simulated time = 3600.000000, CPU time = 116418.520000
Starting main, rand seed = 1595103965
file name dynN80gef500sim3.dat
fast pf 	kmi[10]/Dtot is 0.000000
fast complex 	kmi[9]/Dtot is 4.997751
slow pf		kmi[4]/Dtot is 7.777778
slow complex 	kmi[5]/Dtot is 222.222222
basal gef 	kmi[2]/Dtot is 3.555556
dx is 0.100000, dx/sigma = 5.000000
 0.100000
10.000000
25.464791
0.630000
55.704230
1591.549431
10.000000
4.000000
6.500000
39788.735773
0.000000
Simulated time = 3600.000000, CPU time = 117989.890000
Starting main, rand seed = 1595103976
file name dynN80gef500sim4.dat
fast pf 	kmi[10]/Dtot is 0.000000
fast complex 	kmi[9]/Dtot is 4.997751
slow pf		kmi[4]/Dtot is 7.777778
slow complex 	kmi[5]/Dtot is 222.222222
basal gef 	kmi[2]/Dtot is 3.555556
dx is 0.100000, dx/sigma = 5.000000
 0.100000
10.000000
25.464791
0.630000
55.704230
1591.549431
10.000000
4.000000
6.500000
39788.735773
0.000000
Simulated time = 3600.000000, CPU time = 121340.800000
Starting main, rand seed = 1595104285
file name dynN80gef500sim6.dat
fast pf 	kmi[10]/Dtot is 0.000000
fast complex 	kmi[9]/Dtot is 4.997751
slow pf		kmi[4]/Dtot is 7.777778
slow complex 	kmi[5]/Dtot is 222.222222
basal gef 	kmi[2]/Dtot is 3.555556
dx is 0.100000, dx/sigma = 5.000000
 0.100000
10.000000
25.464791
0.630000
55.704230
1591.549431
10.000000
4.000000
6.500000
39788.735773
0.000000
Simulated time = 3600.000000, CPU time = 126509.880000
Starting main, rand seed = 1595103985
file name dynN80gef500sim5.dat
fast pf 	kmi[10]/Dtot is 0.000000
fast complex 	kmi[9]/Dtot is 4.997751
slow pf		kmi[4]/Dtot is 7.777778
slow complex 	kmi[5]/Dtot is 222.222222
basal gef 	kmi[2]/Dtot is 3.555556
dx is 0.100000, dx/sigma = 5.000000
 0.100000
10.000000
25.464791
0.630000
55.704230
1591.549431
10.000000
4.000000
6.500000
39788.735773
0.000000
Simulated time = 3600.000000, CPU time = 132035.850000
Starting main, rand seed = 1595103945
file name dynN80gef500sim1.dat
fast pf 	kmi[10]/Dtot is 0.000000
fast complex 	kmi[9]/Dtot is 4.997751
slow pf		kmi[4]/Dtot is 7.777778
slow complex 	kmi[5]/Dtot is 222.222222
basal gef 	kmi[2]/Dtot is 3.555556
dx is 0.100000, dx/sigma = 5.000000
 0.100000
10.000000
25.464791
0.630000
55.704230
1591.549431
10.000000
4.000000
6.500000
39788.735773
0.000000
Simulated time = 3600.000000, CPU time = 133064.120000
Starting main, rand seed = 1595107944
file name dynN80gef500sim8.dat
fast pf 	kmi[10]/Dtot is 0.000000
fast complex 	kmi[9]/Dtot is 4.997751
slow pf		kmi[4]/Dtot is 7.777778
slow complex 	kmi[5]/Dtot is 222.222222
basal gef 	kmi[2]/Dtot is 3.555556
dx is 0.100000, dx/sigma = 5.000000
 0.100000
10.000000
25.464791
0.630000
55.704230
1591.549431
10.000000
4.000000
6.500000
39788.735773
0.000000
Simulated time = 3600.000000, CPU time = 130379.280000
Starting main, rand seed = 1595166687
file name dynN80gef500sim21.dat
fast pf 	kmi[10]/Dtot is 0.000000
fast complex 	kmi[9]/Dtot is 4.997751
slow pf		kmi[4]/Dtot is 7.777778
slow complex 	kmi[5]/Dtot is 222.222222
basal gef 	kmi[2]/Dtot is 3.555556
dx is 0.100000, dx/sigma = 5.000000
 0.100000
10.000000
25.464791
0.630000
55.704230
1591.549431
10.000000
4.000000
6.500000
39788.735773
0.000000
Simulated time = 3600.000000, CPU time = 87833.230000
Starting main, rand seed = 1595166823
file name dynN80gef500sim24.dat
fast pf 	kmi[10]/Dtot is 0.000000
fast complex 	kmi[9]/Dtot is 4.997751
slow pf		kmi[4]/Dtot is 7.777778
slow complex 	kmi[5]/Dtot is 222.222222
basal gef 	kmi[2]/Dtot is 3.555556
dx is 0.100000, dx/sigma = 5.000000
 0.100000
10.000000
25.464791
0.630000
55.704230
1591.549431
10.000000
4.000000
6.500000
39788.735773
0.000000
Simulated time = 3600.000000, CPU time = 90592.000000
Starting main, rand seed = 1595166267
file name dynN80gef500sim15.dat
fast pf 	kmi[10]/Dtot is 0.000000
fast complex 	kmi[9]/Dtot is 4.997751
slow pf		kmi[4]/Dtot is 7.777778
slow complex 	kmi[5]/Dtot is 222.222222
basal gef 	kmi[2]/Dtot is 3.555556
dx is 0.100000, dx/sigma = 5.000000
 0.100000
10.000000
25.464791
0.630000
55.704230
1591.549431
10.000000
4.000000
6.500000
39788.735773
0.000000
Simulated time = 3600.000000, CPU time = 93559.760000
Starting main, rand seed = 1595181457
file name dynN80gef500sim45.dat
fast pf 	kmi[10]/Dtot is 0.000000
fast complex 	kmi[9]/Dtot is 4.997751
slow pf		kmi[4]/Dtot is 7.777778
slow complex 	kmi[5]/Dtot is 222.222222
basal gef 	kmi[2]/Dtot is 3.555556
dx is 0.100000, dx/sigma = 5.000000
 0.100000
10.000000
25.464791
0.630000
55.704230
1591.549431
10.000000
4.000000
6.500000
39788.735773
0.000000
Simulated time = 3600.000000, CPU time = 81764.170000
Starting main, rand seed = 1595181387
file name dynN80gef500sim44.dat
fast pf 	kmi[10]/Dtot is 0.000000
fast complex 	kmi[9]/Dtot is 4.997751
slow pf		kmi[4]/Dtot is 7.777778
slow complex 	kmi[5]/Dtot is 222.222222
basal gef 	kmi[2]/Dtot is 3.555556
dx is 0.100000, dx/sigma = 5.000000
 0.100000
10.000000
25.464791
0.630000
55.704230
1591.549431
10.000000
4.000000
6.500000
39788.735773
0.000000
Simulated time = 3600.000000, CPU time = 89418.050000
Starting main, rand seed = 1595166005
file name dynN80gef500sim9.dat
fast pf 	kmi[10]/Dtot is 0.000000
fast complex 	kmi[9]/Dtot is 4.997751
slow pf		kmi[4]/Dtot is 7.777778
slow complex 	kmi[5]/Dtot is 222.222222
basal gef 	kmi[2]/Dtot is 3.555556
dx is 0.100000, dx/sigma = 5.000000
 0.100000
10.000000
25.464791
0.630000
55.704230
1591.549431
10.000000
4.000000
6.500000
39788.735773
0.000000
Simulated time = 3600.000000, CPU time = 105676.630000
Starting main, rand seed = 1595166949
file name dynN80gef500sim26.dat
fast pf 	kmi[10]/Dtot is 0.000000
fast complex 	kmi[9]/Dtot is 4.997751
slow pf		kmi[4]/Dtot is 7.777778
slow complex 	kmi[5]/Dtot is 222.222222
basal gef 	kmi[2]/Dtot is 3.555556
dx is 0.100000, dx/sigma = 5.000000
 0.100000
10.000000
25.464791
0.630000
55.704230
1591.549431
10.000000
4.000000
6.500000
39788.735773
0.000000
Simulated time = 3600.000000, CPU time = 105530.480000
Starting main, rand seed = 1595169903
file name dynN80gef500sim38.dat
fast pf 	kmi[10]/Dtot is 0.000000
fast complex 	kmi[9]/Dtot is 4.997751
slow pf		kmi[4]/Dtot is 7.777778
slow complex 	kmi[5]/Dtot is 222.222222
basal gef 	kmi[2]/Dtot is 3.555556
dx is 0.100000, dx/sigma = 5.000000
 0.100000
10.000000
25.464791
0.630000
55.704230
1591.549431
10.000000
4.000000
6.500000
39788.735773
0.000000
Simulated time = 3600.000000, CPU time = 105756.160000
Starting main, rand seed = 1595166389
file name dynN80gef500sim17.dat
fast pf 	kmi[10]/Dtot is 0.000000
fast complex 	kmi[9]/Dtot is 4.997751
slow pf		kmi[4]/Dtot is 7.777778
slow complex 	kmi[5]/Dtot is 222.222222
basal gef 	kmi[2]/Dtot is 3.555556
dx is 0.100000, dx/sigma = 5.000000
 0.100000
10.000000
25.464791
0.630000
55.704230
1591.549431
10.000000
4.000000
6.500000
39788.735773
0.000000
Simulated time = 3600.000000, CPU time = 109165.970000
Starting main, rand seed = 1595183767
file name dynN80gef500sim48.dat
fast pf 	kmi[10]/Dtot is 0.000000
fast complex 	kmi[9]/Dtot is 4.997751
slow pf		kmi[4]/Dtot is 7.777778
slow complex 	kmi[5]/Dtot is 222.222222
basal gef 	kmi[2]/Dtot is 3.555556
dx is 0.100000, dx/sigma = 5.000000
 0.100000
10.000000
25.464791
0.630000
55.704230
1591.549431
10.000000
4.000000
6.500000
39788.735773
0.000000
Simulated time = 3600.000000, CPU time = 93097.850000
Starting main, rand seed = 1595166513
file name dynN80gef500sim19.dat
fast pf 	kmi[10]/Dtot is 0.000000
fast complex 	kmi[9]/Dtot is 4.997751
slow pf		kmi[4]/Dtot is 7.777778
slow complex 	kmi[5]/Dtot is 222.222222
basal gef 	kmi[2]/Dtot is 3.555556
dx is 0.100000, dx/sigma = 5.000000
 0.100000
10.000000
25.464791
0.630000
55.704230
1591.549431
10.000000
4.000000
6.500000
39788.735773
0.000000
Simulated time = 3600.000000, CPU time = 111361.410000
Starting main, rand seed = 1595167895
file name dynN80gef500sim36.dat
fast pf 	kmi[10]/Dtot is 0.000000
fast complex 	kmi[9]/Dtot is 4.997751
slow pf		kmi[4]/Dtot is 7.777778
slow complex 	kmi[5]/Dtot is 222.222222
basal gef 	kmi[2]/Dtot is 3.555556
dx is 0.100000, dx/sigma = 5.000000
 0.100000
10.000000
25.464791
0.630000
55.704230
1591.549431
10.000000
4.000000
6.500000
39788.735773
0.000000
Simulated time = 3600.000000, CPU time = 112328.400000
Starting main, rand seed = 1595166135
file name dynN80gef500sim12.dat
fast pf 	kmi[10]/Dtot is 0.000000
fast complex 	kmi[9]/Dtot is 4.997751
slow pf		kmi[4]/Dtot is 7.777778
slow complex 	kmi[5]/Dtot is 222.222222
basal gef 	kmi[2]/Dtot is 3.555556
dx is 0.100000, dx/sigma = 5.000000
 0.100000
10.000000
25.464791
0.630000
55.704230
1591.549431
10.000000
4.000000
6.500000
39788.735773
0.000000
Simulated time = 3600.000000, CPU time = 114843.350000
Starting main, rand seed = 1595166451
file name dynN80gef500sim18.dat
fast pf 	kmi[10]/Dtot is 0.000000
fast complex 	kmi[9]/Dtot is 4.997751
slow pf		kmi[4]/Dtot is 7.777778
slow complex 	kmi[5]/Dtot is 222.222222
basal gef 	kmi[2]/Dtot is 3.555556
dx is 0.100000, dx/sigma = 5.000000
 0.100000
10.000000
25.464791
0.630000
55.704230
1591.549431
10.000000
4.000000
6.500000
39788.735773
0.000000
Simulated time = 3600.000000, CPU time = 114681.680000
Starting main, rand seed = 1595166196
file name dynN80gef500sim13.dat
fast pf 	kmi[10]/Dtot is 0.000000
fast complex 	kmi[9]/Dtot is 4.997751
slow pf		kmi[4]/Dtot is 7.777778
slow complex 	kmi[5]/Dtot is 222.222222
basal gef 	kmi[2]/Dtot is 3.555556
dx is 0.100000, dx/sigma = 5.000000
 0.100000
10.000000
25.464791
0.630000
55.704230
1591.549431
10.000000
4.000000
6.500000
39788.735773
0.000000
Simulated time = 3600.000000, CPU time = 115768.340000
Starting main, rand seed = 1595169218
file name dynN80gef500sim37.dat
fast pf 	kmi[10]/Dtot is 0.000000
fast complex 	kmi[9]/Dtot is 4.997751
slow pf		kmi[4]/Dtot is 7.777778
slow complex 	kmi[5]/Dtot is 222.222222
basal gef 	kmi[2]/Dtot is 3.555556
dx is 0.100000, dx/sigma = 5.000000
 0.100000
10.000000
25.464791
0.630000
55.704230
1591.549431
10.000000
4.000000
6.500000
39788.735773
0.000000
Simulated time = 3600.000000, CPU time = 113198.590000
Starting main, rand seed = 1595166760
file name dynN80gef500sim23.dat
fast pf 	kmi[10]/Dtot is 0.000000
fast complex 	kmi[9]/Dtot is 4.997751
slow pf		kmi[4]/Dtot is 7.777778
slow complex 	kmi[5]/Dtot is 222.222222
basal gef 	kmi[2]/Dtot is 3.555556
dx is 0.100000, dx/sigma = 5.000000
 0.100000
10.000000
25.464791
0.630000
55.704230
1591.549431
10.000000
4.000000
6.500000
39788.735773
0.000000
Simulated time = 3600.000000, CPU time = 119688.920000
Starting main, rand seed = 1595170755
file name dynN80gef500sim39.dat
fast pf 	kmi[10]/Dtot is 0.000000
fast complex 	kmi[9]/Dtot is 4.997751
slow pf		kmi[4]/Dtot is 7.777778
slow complex 	kmi[5]/Dtot is 222.222222
basal gef 	kmi[2]/Dtot is 3.555556
dx is 0.100000, dx/sigma = 5.000000
 0.100000
10.000000
25.464791
0.630000
55.704230
1591.549431
10.000000
4.000000
6.500000
39788.735773
0.000000
Simulated time = 3600.000000, CPU time = 116964.900000
Starting main, rand seed = 1595166698
file name dynN80gef500sim22.dat
fast pf 	kmi[10]/Dtot is 0.000000
fast complex 	kmi[9]/Dtot is 4.997751
slow pf		kmi[4]/Dtot is 7.777778
slow complex 	kmi[5]/Dtot is 222.222222
basal gef 	kmi[2]/Dtot is 3.555556
dx is 0.100000, dx/sigma = 5.000000
 0.100000
10.000000
25.464791
0.630000
55.704230
1591.549431
10.000000
4.000000
6.500000
39788.735773
0.000000
Simulated time = 3600.000000, CPU time = 123421.390000
Starting main, rand seed = 1595167343
file name dynN80gef500sim33.dat
fast pf 	kmi[10]/Dtot is 0.000000
fast complex 	kmi[9]/Dtot is 4.997751
slow pf		kmi[4]/Dtot is 7.777778
slow complex 	kmi[5]/Dtot is 222.222222
basal gef 	kmi[2]/Dtot is 3.555556
dx is 0.100000, dx/sigma = 5.000000
 0.100000
10.000000
25.464791
0.630000
55.704230
1591.549431
10.000000
4.000000
6.500000
39788.735773
0.000000
Simulated time = 3600.000000, CPU time = 124382.700000
Starting main, rand seed = 1595167353
file name dynN80gef500sim34.dat
fast pf 	kmi[10]/Dtot is 0.000000
fast complex 	kmi[9]/Dtot is 4.997751
slow pf		kmi[4]/Dtot is 7.777778
slow complex 	kmi[5]/Dtot is 222.222222
basal gef 	kmi[2]/Dtot is 3.555556
dx is 0.100000, dx/sigma = 5.000000
 0.100000
10.000000
25.464791
0.630000
55.704230
1591.549431
10.000000
4.000000
6.500000
39788.735773
0.000000
Simulated time = 3600.000000, CPU time = 124521.660000
Starting main, rand seed = 1595167277
file name dynN80gef500sim32.dat
fast pf 	kmi[10]/Dtot is 0.000000
fast complex 	kmi[9]/Dtot is 4.997751
slow pf		kmi[4]/Dtot is 7.777778
slow complex 	kmi[5]/Dtot is 222.222222
basal gef 	kmi[2]/Dtot is 3.555556
dx is 0.100000, dx/sigma = 5.000000
 0.100000
10.000000
25.464791
0.630000
55.704230
1591.549431
10.000000
4.000000
6.500000
39788.735773
0.000000
Simulated time = 3600.000000, CPU time = 125980.490000
Starting main, rand seed = 1595167086
file name dynN80gef500sim29.dat
fast pf 	kmi[10]/Dtot is 0.000000
fast complex 	kmi[9]/Dtot is 4.997751
slow pf		kmi[4]/Dtot is 7.777778
slow complex 	kmi[5]/Dtot is 222.222222
basal gef 	kmi[2]/Dtot is 3.555556
dx is 0.100000, dx/sigma = 5.000000
 0.100000
10.000000
25.464791
0.630000
55.704230
1591.549431
10.000000
4.000000
6.500000
39788.735773
0.000000
Simulated time = 3600.000000, CPU time = 126233.660000
Starting main, rand seed = 1595166328
file name dynN80gef500sim16.dat
fast pf 	kmi[10]/Dtot is 0.000000
fast complex 	kmi[9]/Dtot is 4.997751
slow pf		kmi[4]/Dtot is 7.777778
slow complex 	kmi[5]/Dtot is 222.222222
basal gef 	kmi[2]/Dtot is 3.555556
dx is 0.100000, dx/sigma = 5.000000
 0.100000
10.000000
25.464791
0.630000
55.704230
1591.549431
10.000000
4.000000
6.500000
39788.735773
0.000000
Simulated time = 3600.000000, CPU time = 127114.350000
Starting main, rand seed = 1595167417
file name dynN80gef500sim35.dat
fast pf 	kmi[10]/Dtot is 0.000000
fast complex 	kmi[9]/Dtot is 4.997751
slow pf		kmi[4]/Dtot is 7.777778
slow complex 	kmi[5]/Dtot is 222.222222
basal gef 	kmi[2]/Dtot is 3.555556
dx is 0.100000, dx/sigma = 5.000000
 0.100000
10.000000
25.464791
0.630000
55.704230
1591.549431
10.000000
4.000000
6.500000
39788.735773
0.000000
Simulated time = 3600.000000, CPU time = 126439.080000
Starting main, rand seed = 1595167075
file name dynN80gef500sim28.dat
fast pf 	kmi[10]/Dtot is 0.000000
fast complex 	kmi[9]/Dtot is 4.997751
slow pf		kmi[4]/Dtot is 7.777778
slow complex 	kmi[5]/Dtot is 222.222222
basal gef 	kmi[2]/Dtot is 3.555556
dx is 0.100000, dx/sigma = 5.000000
 0.100000
10.000000
25.464791
0.630000
55.704230
1591.549431
10.000000
4.000000
6.500000
39788.735773
0.000000
Simulated time = 3600.000000, CPU time = 127024.190000
Starting main, rand seed = 1595166016
file name dynN80gef500sim10.dat
fast pf 	kmi[10]/Dtot is 0.000000
fast complex 	kmi[9]/Dtot is 4.997751
slow pf		kmi[4]/Dtot is 7.777778
slow complex 	kmi[5]/Dtot is 222.222222
basal gef 	kmi[2]/Dtot is 3.555556
dx is 0.100000, dx/sigma = 5.000000
 0.100000
10.000000
25.464791
0.630000
55.704230
1591.549431
10.000000
4.000000
6.500000
39788.735773
0.000000
Simulated time = 3600.000000, CPU time = 131809.920000
Starting main, rand seed = 1595166075
file name dynN80gef500sim11.dat
fast pf 	kmi[10]/Dtot is 0.000000
fast complex 	kmi[9]/Dtot is 4.997751
slow pf		kmi[4]/Dtot is 7.777778
slow complex 	kmi[5]/Dtot is 222.222222
basal gef 	kmi[2]/Dtot is 3.555556
dx is 0.100000, dx/sigma = 5.000000
 0.100000
10.000000
25.464791
0.630000
55.704230
1591.549431
10.000000
4.000000
6.500000
39788.735773
0.000000
Simulated time = 3600.000000, CPU time = 133654.710000
Starting main, rand seed = 1595167012
file name dynN80gef500sim27.dat
fast pf 	kmi[10]/Dtot is 0.000000
fast complex 	kmi[9]/Dtot is 4.997751
slow pf		kmi[4]/Dtot is 7.777778
slow complex 	kmi[5]/Dtot is 222.222222
basal gef 	kmi[2]/Dtot is 3.555556
dx is 0.100000, dx/sigma = 5.000000
 0.100000
10.000000
25.464791
0.630000
55.704230
1591.549431
10.000000
4.000000
6.500000
39788.735773
0.000000
Simulated time = 3600.000000, CPU time = 133271.940000
Starting main, rand seed = 1595181297
file name dynN80gef500sim41.dat
fast pf 	kmi[10]/Dtot is 0.000000
fast complex 	kmi[9]/Dtot is 4.997751
slow pf		kmi[4]/Dtot is 7.777778
slow complex 	kmi[5]/Dtot is 222.222222
basal gef 	kmi[2]/Dtot is 3.555556
dx is 0.100000, dx/sigma = 5.000000
 0.100000
10.000000
25.464791
0.630000
55.704230
1591.549431
10.000000
4.000000
6.500000
39788.735773
0.000000
Simulated time = 3600.000000, CPU time = 119562.160000
Starting main, rand seed = 1595167095
file name dynN80gef500sim30.dat
fast pf 	kmi[10]/Dtot is 0.000000
fast complex 	kmi[9]/Dtot is 4.997751
slow pf		kmi[4]/Dtot is 7.777778
slow complex 	kmi[5]/Dtot is 222.222222
basal gef 	kmi[2]/Dtot is 3.555556
dx is 0.100000, dx/sigma = 5.000000
 0.100000
10.000000
25.464791
0.630000
55.704230
1591.549431
10.000000
4.000000
6.500000
39788.735773
0.000000
Simulated time = 3600.000000, CPU time = 134847.610000
Starting main, rand seed = 1595181467
file name dynN80gef500sim46.dat
fast pf 	kmi[10]/Dtot is 0.000000
fast complex 	kmi[9]/Dtot is 4.997751
slow pf		kmi[4]/Dtot is 7.777778
slow complex 	kmi[5]/Dtot is 222.222222
basal gef 	kmi[2]/Dtot is 3.555556
dx is 0.100000, dx/sigma = 5.000000
 0.100000
10.000000
25.464791
0.630000
55.704230
1591.549431
10.000000
4.000000
6.500000
39788.735773
0.000000
Simulated time = 3600.000000, CPU time = 121916.110000
Starting main, rand seed = 1595181307
file name dynN80gef500sim42.dat
fast pf 	kmi[10]/Dtot is 0.000000
fast complex 	kmi[9]/Dtot is 4.997751
slow pf		kmi[4]/Dtot is 7.777778
slow complex 	kmi[5]/Dtot is 222.222222
basal gef 	kmi[2]/Dtot is 3.555556
dx is 0.100000, dx/sigma = 5.000000
 0.100000
10.000000
25.464791
0.630000
55.704230
1591.549431
10.000000
4.000000
6.500000
39788.735773
0.000000
Simulated time = 3600.000000, CPU time = 122653.990000
Starting main, rand seed = 1595181227
file name dynN80gef500sim40.dat
fast pf 	kmi[10]/Dtot is 0.000000
fast complex 	kmi[9]/Dtot is 4.997751
slow pf		kmi[4]/Dtot is 7.777778
slow complex 	kmi[5]/Dtot is 222.222222
basal gef 	kmi[2]/Dtot is 3.555556
dx is 0.100000, dx/sigma = 5.000000
 0.100000
10.000000
25.464791
0.630000
55.704230
1591.549431
10.000000
4.000000
6.500000
39788.735773
0.000000
Simulated time = 3600.000000, CPU time = 123724.800000
Starting main, rand seed = 1595166939
file name dynN80gef500sim25.dat
fast pf 	kmi[10]/Dtot is 0.000000
fast complex 	kmi[9]/Dtot is 4.997751
slow pf		kmi[4]/Dtot is 7.777778
slow complex 	kmi[5]/Dtot is 222.222222
basal gef 	kmi[2]/Dtot is 3.555556
dx is 0.100000, dx/sigma = 5.000000
 0.100000
10.000000
25.464791
0.630000
55.704230
1591.549431
10.000000
4.000000
6.500000
39788.735773
0.000000
Simulated time = 3600.000000, CPU time = 138440.520000
Starting main, rand seed = 1595184797
file name dynN80gef500sim49.dat
fast pf 	kmi[10]/Dtot is 0.000000
fast complex 	kmi[9]/Dtot is 4.997751
slow pf		kmi[4]/Dtot is 7.777778
slow complex 	kmi[5]/Dtot is 222.222222
basal gef 	kmi[2]/Dtot is 3.555556
dx is 0.100000, dx/sigma = 5.000000
 0.100000
10.000000
25.464791
0.630000
55.704230
1591.549431
10.000000
4.000000
6.500000
39788.735773
0.000000
Simulated time = 3600.000000, CPU time = 122161.030000
Starting main, rand seed = 1595166574
file name dynN80gef500sim20.dat
fast pf 	kmi[10]/Dtot is 0.000000
fast complex 	kmi[9]/Dtot is 4.997751
slow pf		kmi[4]/Dtot is 7.777778
slow complex 	kmi[5]/Dtot is 222.222222
basal gef 	kmi[2]/Dtot is 3.555556
dx is 0.100000, dx/sigma = 5.000000
 0.100000
10.000000
25.464791
0.630000
55.704230
1591.549431
10.000000
4.000000
6.500000
39788.735773
0.000000
Simulated time = 3600.000000, CPU time = 146482.670000
Starting main, rand seed = 1595181317
file name dynN80gef500sim43.dat
fast pf 	kmi[10]/Dtot is 0.000000
fast complex 	kmi[9]/Dtot is 4.997751
slow pf		kmi[4]/Dtot is 7.777778
slow complex 	kmi[5]/Dtot is 222.222222
basal gef 	kmi[2]/Dtot is 3.555556
dx is 0.100000, dx/sigma = 5.000000
 0.100000
10.000000
25.464791
0.630000
55.704230
1591.549431
10.000000
4.000000
6.500000
39788.735773
0.000000
Simulated time = 3600.000000, CPU time = 132288.430000
Starting main, rand seed = 1595181777
file name dynN80gef500sim47.dat
fast pf 	kmi[10]/Dtot is 0.000000
fast complex 	kmi[9]/Dtot is 4.997751
slow pf		kmi[4]/Dtot is 7.777778
slow complex 	kmi[5]/Dtot is 222.222222
basal gef 	kmi[2]/Dtot is 3.555556
dx is 0.100000, dx/sigma = 5.000000
 0.100000
10.000000
25.464791
0.630000
55.704230
1591.549431
10.000000
4.000000
6.500000
39788.735773
0.000000
Simulated time = 3600.000000, CPU time = 135289.640000
Starting main, rand seed = 1595197227
file name dynN80gef500sim50.dat
fast pf 	kmi[10]/Dtot is 0.000000
fast complex 	kmi[9]/Dtot is 4.997751
slow pf		kmi[4]/Dtot is 7.777778
slow complex 	kmi[5]/Dtot is 222.222222
basal gef 	kmi[2]/Dtot is 3.555556
dx is 0.100000, dx/sigma = 5.000000
 0.100000
10.000000
25.464791
0.630000
55.704230
1591.549431
10.000000
4.000000
6.500000
39788.735773
0.000000
Simulated time = 3600.000000, CPU time = 121697.910000
Starting main, rand seed = 1595167214
file name dynN80gef500sim31.dat
fast pf 	kmi[10]/Dtot is 0.000000
fast complex 	kmi[9]/Dtot is 4.997751
slow pf		kmi[4]/Dtot is 7.777778
slow complex 	kmi[5]/Dtot is 222.222222
basal gef 	kmi[2]/Dtot is 3.555556
dx is 0.100000, dx/sigma = 5.000000
 0.100000
10.000000
25.464791
0.630000
55.704230
1591.549431
10.000000
4.000000
6.500000
39788.735773
0.000000
Simulated time = 3600.000000, CPU time = 183275.580000
Starting main, rand seed = 1595106018
file name dynN80gef500sim7.dat
fast pf 	kmi[10]/Dtot is 0.000000
fast complex 	kmi[9]/Dtot is 4.997751
slow pf		kmi[4]/Dtot is 7.777778
slow complex 	kmi[5]/Dtot is 222.222222
basal gef 	kmi[2]/Dtot is 3.555556
dx is 0.100000, dx/sigma = 5.000000
 0.100000
10.000000
25.464791
0.630000
55.704230
1591.549431
10.000000
4.000000
6.500000
39788.735773
0.000000
Simulated time = 3600.000000, CPU time = 285704.710000
Starting main, rand seed = 1595166206
file name dynN80gef500sim14.dat
fast pf 	kmi[10]/Dtot is 0.000000
fast complex 	kmi[9]/Dtot is 4.997751
slow pf		kmi[4]/Dtot is 7.777778
slow complex 	kmi[5]/Dtot is 222.222222
basal gef 	kmi[2]/Dtot is 3.555556
dx is 0.100000, dx/sigma = 5.000000
 0.100000
10.000000
25.464791
0.630000
55.704230
1591.549431
10.000000
4.000000
6.500000
39788.735773
0.000000
Simulated time = 3600.000000, CPU time = 234438.640000
